[03-Mar-2023 12:54:17 UTC] PHP Fatal error:  Uncaught Error: Call to undefined function ds_get_uploads_dir_baseurl() in /Users/dimastativka/Documents/domains/pandora/wp-content/themes/pandorah/header.php:27
Stack trace:
#0 /Users/dimastativka/Documents/domains/pandora/wp-includes/template.php(783): require_once()
#1 /Users/dimastativka/Documents/domains/pandora/wp-includes/template.php(718): load_template('/Users/dimastat...', true, Array)
#2 /Users/dimastativka/Documents/domains/pandora/wp-includes/general-template.php(48): locate_template(Array, true, true, Array)
#3 /Users/dimastativka/Documents/domains/pandora/wp-content/themes/pandorah/front-page.php(10): get_header()
#4 /Users/dimastativka/Documents/domains/pandora/wp-includes/template-loader.php(106): include('/Users/dimastat...')
#5 /Users/dimastativka/Documents/domains/pandora/wp-blog-header.php(19): require_once('/Users/dimastat...')
#6 /Users/dimastativka/Documents/domains/pandora/index.php(17): require('/Users/dimastat...')
#7 {main}
  thrown in /Users/dimastativka/Documents/domains/pandora/wp-content/themes/pandorah/header.php on line 27
[03-Mar-2023 12:54:18 UTC] PHP Fatal error:  Uncaught Error: Call to undefined function ds_get_uploads_dir_baseurl() in /Users/dimastativka/Documents/domains/pandora/wp-content/themes/pandorah/header.php:27
Stack trace:
#0 /Users/dimastativka/Documents/domains/pandora/wp-includes/template.php(783): require_once()
#1 /Users/dimastativka/Documents/domains/pandora/wp-includes/template.php(718): load_template('/Users/dimastat...', true, Array)
#2 /Users/dimastativka/Documents/domains/pandora/wp-includes/general-template.php(48): locate_template(Array, true, true, Array)
#3 /Users/dimastativka/Documents/domains/pandora/wp-content/themes/pandorah/front-page.php(10): get_header()
#4 /Users/dimastativka/Documents/domains/pandora/wp-includes/template-loader.php(106): include('/Users/dimastat...')
#5 /Users/dimastativka/Documents/domains/pandora/wp-blog-header.php(19): require_once('/Users/dimastat...')
#6 /Users/dimastativka/Documents/domains/pandora/index.php(17): require('/Users/dimastat...')
#7 {main}
  thrown in /Users/dimastativka/Documents/domains/pandora/wp-content/themes/pandorah/header.php on line 27
[03-Mar-2023 12:54:22 UTC] PHP Fatal error:  Uncaught Error: Call to undefined function ds_get_uploads_dir_baseurl() in /Users/dimastativka/Documents/domains/pandora/wp-content/themes/pandorah/header.php:27
Stack trace:
#0 /Users/dimastativka/Documents/domains/pandora/wp-includes/template.php(783): require_once()
#1 /Users/dimastativka/Documents/domains/pandora/wp-includes/template.php(718): load_template('/Users/dimastat...', true, Array)
#2 /Users/dimastativka/Documents/domains/pandora/wp-includes/general-template.php(48): locate_template(Array, true, true, Array)
#3 /Users/dimastativka/Documents/domains/pandora/wp-content/themes/pandorah/front-page.php(10): get_header()
#4 /Users/dimastativka/Documents/domains/pandora/wp-includes/template-loader.php(106): include('/Users/dimastat...')
#5 /Users/dimastativka/Documents/domains/pandora/wp-blog-header.php(19): require_once('/Users/dimastat...')
#6 /Users/dimastativka/Documents/domains/pandora/index.php(17): require('/Users/dimastat...')
#7 {main}
  thrown in /Users/dimastativka/Documents/domains/pandora/wp-content/themes/pandorah/header.php on line 27
[03-Mar-2023 12:54:22 UTC] PHP Fatal error:  Uncaught Error: Call to undefined function ds_get_uploads_dir_baseurl() in /Users/dimastativka/Documents/domains/pandora/wp-content/themes/pandorah/header.php:27
Stack trace:
#0 /Users/dimastativka/Documents/domains/pandora/wp-includes/template.php(783): require_once()
#1 /Users/dimastativka/Documents/domains/pandora/wp-includes/template.php(718): load_template('/Users/dimastat...', true, Array)
#2 /Users/dimastativka/Documents/domains/pandora/wp-includes/general-template.php(48): locate_template(Array, true, true, Array)
#3 /Users/dimastativka/Documents/domains/pandora/wp-content/themes/pandorah/front-page.php(10): get_header()
#4 /Users/dimastativka/Documents/domains/pandora/wp-includes/template-loader.php(106): include('/Users/dimastat...')
#5 /Users/dimastativka/Documents/domains/pandora/wp-blog-header.php(19): require_once('/Users/dimastat...')
#6 /Users/dimastativka/Documents/domains/pandora/index.php(17): require('/Users/dimastat...')
#7 {main}
  thrown in /Users/dimastativka/Documents/domains/pandora/wp-content/themes/pandorah/header.php on line 27
[03-Mar-2023 12:55:14 UTC] PHP Fatal error:  Uncaught Error: Call to undefined function ds_get_uploads_dir_baseurl() in /Users/dimastativka/Documents/domains/pandora/wp-content/themes/pandorah/header.php:27
Stack trace:
#0 /Users/dimastativka/Documents/domains/pandora/wp-includes/template.php(783): require_once()
#1 /Users/dimastativka/Documents/domains/pandora/wp-includes/template.php(718): load_template('/Users/dimastat...', true, Array)
#2 /Users/dimastativka/Documents/domains/pandora/wp-includes/general-template.php(48): locate_template(Array, true, true, Array)
#3 /Users/dimastativka/Documents/domains/pandora/wp-content/themes/pandorah/front-page.php(10): get_header()
#4 /Users/dimastativka/Documents/domains/pandora/wp-includes/template-loader.php(106): include('/Users/dimastat...')
#5 /Users/dimastativka/Documents/domains/pandora/wp-blog-header.php(19): require_once('/Users/dimastat...')
#6 /Users/dimastativka/Documents/domains/pandora/index.php(17): require('/Users/dimastat...')
#7 {main}
  thrown in /Users/dimastativka/Documents/domains/pandora/wp-content/themes/pandorah/header.php on line 27
[03-Mar-2023 12:55:21 UTC] PHP Fatal error:  Uncaught Error: Call to undefined function ds_get_uploads_dir_baseurl() in /Users/dimastativka/Documents/domains/pandora/wp-content/themes/pandorah/header.php:27
Stack trace:
#0 /Users/dimastativka/Documents/domains/pandora/wp-includes/template.php(783): require_once()
#1 /Users/dimastativka/Documents/domains/pandora/wp-includes/template.php(718): load_template('/Users/dimastat...', true, Array)
#2 /Users/dimastativka/Documents/domains/pandora/wp-includes/general-template.php(48): locate_template(Array, true, true, Array)
#3 /Users/dimastativka/Documents/domains/pandora/wp-content/themes/pandorah/front-page.php(10): get_header()
#4 /Users/dimastativka/Documents/domains/pandora/wp-includes/template-loader.php(106): include('/Users/dimastat...')
#5 /Users/dimastativka/Documents/domains/pandora/wp-blog-header.php(19): require_once('/Users/dimastat...')
#6 /Users/dimastativka/Documents/domains/pandora/index.php(17): require('/Users/dimastat...')
#7 {main}
  thrown in /Users/dimastativka/Documents/domains/pandora/wp-content/themes/pandorah/header.php on line 27
[03-Mar-2023 12:55:57 UTC] PHP Fatal error:  Uncaught Error: Call to undefined function ds_get_uploads_dir_baseurl() in /Users/dimastativka/Documents/domains/pandora/wp-content/themes/pandorah/header.php:27
Stack trace:
#0 /Users/dimastativka/Documents/domains/pandora/wp-includes/template.php(783): require_once()
#1 /Users/dimastativka/Documents/domains/pandora/wp-includes/template.php(718): load_template('/Users/dimastat...', true, Array)
#2 /Users/dimastativka/Documents/domains/pandora/wp-includes/general-template.php(48): locate_template(Array, true, true, Array)
#3 /Users/dimastativka/Documents/domains/pandora/wp-content/themes/pandorah/front-page.php(10): get_header()
#4 /Users/dimastativka/Documents/domains/pandora/wp-includes/template-loader.php(106): include('/Users/dimastat...')
#5 /Users/dimastativka/Documents/domains/pandora/wp-blog-header.php(19): require_once('/Users/dimastat...')
#6 /Users/dimastativka/Documents/domains/pandora/index.php(17): require('/Users/dimastat...')
#7 {main}
  thrown in /Users/dimastativka/Documents/domains/pandora/wp-content/themes/pandorah/header.php on line 27
[03-Mar-2023 12:56:09 UTC] PHP Fatal error:  Uncaught Error: Call to undefined function ds_get_uploads_dir_baseurl() in /Users/dimastativka/Documents/domains/pandora/wp-content/themes/pandorah/header.php:27
Stack trace:
#0 /Users/dimastativka/Documents/domains/pandora/wp-includes/template.php(783): require_once()
#1 /Users/dimastativka/Documents/domains/pandora/wp-includes/template.php(718): load_template('/Users/dimastat...', true, Array)
#2 /Users/dimastativka/Documents/domains/pandora/wp-includes/general-template.php(48): locate_template(Array, true, true, Array)
#3 /Users/dimastativka/Documents/domains/pandora/wp-content/themes/pandorah/front-page.php(10): get_header()
#4 /Users/dimastativka/Documents/domains/pandora/wp-includes/template-loader.php(106): include('/Users/dimastat...')
#5 /Users/dimastativka/Documents/domains/pandora/wp-blog-header.php(19): require_once('/Users/dimastat...')
#6 /Users/dimastativka/Documents/domains/pandora/index.php(17): require('/Users/dimastat...')
#7 {main}
  thrown in /Users/dimastativka/Documents/domains/pandora/wp-content/themes/pandorah/header.php on line 27
[03-Mar-2023 12:58:14 UTC] PHP Fatal error:  Uncaught Error: Call to undefined function ds_get_uploads_dir_baseurl() in /Users/dimastativka/Documents/domains/pandora/wp-content/themes/pandorah/header.php:27
Stack trace:
#0 /Users/dimastativka/Documents/domains/pandora/wp-includes/template.php(783): require_once()
#1 /Users/dimastativka/Documents/domains/pandora/wp-includes/template.php(718): load_template('/Users/dimastat...', true, Array)
#2 /Users/dimastativka/Documents/domains/pandora/wp-includes/general-template.php(48): locate_template(Array, true, true, Array)
#3 /Users/dimastativka/Documents/domains/pandora/wp-content/themes/pandorah/front-page.php(10): get_header()
#4 /Users/dimastativka/Documents/domains/pandora/wp-includes/template-loader.php(106): include('/Users/dimastat...')
#5 /Users/dimastativka/Documents/domains/pandora/wp-blog-header.php(19): require_once('/Users/dimastat...')
#6 /Users/dimastativka/Documents/domains/pandora/index.php(17): require('/Users/dimastat...')
#7 {main}
  thrown in /Users/dimastativka/Documents/domains/pandora/wp-content/themes/pandorah/header.php on line 27
[03-Mar-2023 12:59:26 UTC] PHP Fatal error:  Uncaught Error: Call to undefined function pandorah_get_font_face_styles() in /Users/dimastativka/Documents/domains/pandora/wp-content/themes/pandorah/functions.php:63
Stack trace:
#0 /Users/dimastativka/Documents/domains/pandora/wp-includes/class-wp-hook.php(308): pandorah_styles('')
#1 /Users/dimastativka/Documents/domains/pandora/wp-includes/class-wp-hook.php(332): WP_Hook->apply_filters(NULL, Array)
#2 /Users/dimastativka/Documents/domains/pandora/wp-includes/plugin.php(517): WP_Hook->do_action(Array)
#3 /Users/dimastativka/Documents/domains/pandora/wp-includes/script-loader.php(2180): do_action('wp_enqueue_scri...')
#4 /Users/dimastativka/Documents/domains/pandora/wp-includes/class-wp-hook.php(308): wp_enqueue_scripts('')
#5 /Users/dimastativka/Documents/domains/pandora/wp-includes/class-wp-hook.php(332): WP_Hook->apply_filters('', Array)
#6 /Users/dimastativka/Documents/domains/pandora/wp-includes/plugin.php(517): WP_Hook->do_action(Array)
#7 /Users/dimastativka/Documents/domains/pandora/wp-includes/gen in /Users/dimastativka/Documents/domains/pandora/wp-content/themes/pandorah/functions.php on line 63
[03-Mar-2023 13:01:44 UTC] PHP Notice:  Undefined index: class_body in /Users/dimastativka/Documents/domains/pandora/wp-content/themes/pandorah/header.php on line 15
[03-Mar-2023 13:01:44 UTC] PHP Notice:  Undefined index: class_main in /Users/dimastativka/Documents/domains/pandora/wp-content/themes/pandorah/header.php on line 27
[03-Mar-2023 13:08:59 UTC] PHP Fatal error:  Uncaught Error: Call to undefined method WP_Theme_JSON::replace_slug_in_string() in /Users/dimastativka/Documents/domains/pandora/wp-includes/class-wp-theme-json.php:1529
Stack trace:
#0 /Users/dimastativka/Documents/domains/pandora/wp-includes/class-wp-theme-json.php(1285): WP_Theme_JSON::compute_preset_vars(Array, Array)
#1 /Users/dimastativka/Documents/domains/pandora/wp-includes/class-wp-theme-json.php(907): WP_Theme_JSON->get_css_variables(Array, Array)
#2 /Users/dimastativka/Documents/domains/pandora/wp-includes/global-styles-and-settings.php(127): WP_Theme_JSON->get_stylesheet(Array, Array)
#3 /Users/dimastativka/Documents/domains/pandora/wp-includes/script-loader.php(2434): wp_get_global_stylesheet()
#4 /Users/dimastativka/Documents/domains/pandora/wp-includes/class-wp-hook.php(308): wp_enqueue_global_styles('')
#5 /Users/dimastativka/Documents/domains/pandora/wp-includes/class-wp-hook.php(332): WP_Hook->apply_filters(NULL, Array)
#6 /Users/dimastativka/Documents/domains/pandora/wp-includes/plugin.php in /Users/dimastativka/Documents/domains/pandora/wp-includes/class-wp-theme-json.php on line 1529
[03-Mar-2023 13:09:12 UTC] PHP Fatal error:  Uncaught Error: Class 'WP_Theme_JSON' not found in /Users/dimastativka/Documents/domains/pandora/wp-includes/class-wp-theme-json-data.php:44
Stack trace:
#0 /Users/dimastativka/Documents/domains/pandora/wp-includes/class-wp-theme-json-resolver.php(183): WP_Theme_JSON_Data->__construct(Array, 'default')
#1 /Users/dimastativka/Documents/domains/pandora/wp-includes/class-wp-theme-json-resolver.php(559): WP_Theme_JSON_Resolver::get_core_data()
#2 /Users/dimastativka/Documents/domains/pandora/wp-includes/script-loader.php(3205): WP_Theme_JSON_Resolver::get_merged_data()
#3 /Users/dimastativka/Documents/domains/pandora/wp-includes/script-loader.php(3401): {closure}()
#4 /Users/dimastativka/Documents/domains/pandora/wp-includes/class-wp-hook.php(308): {closure}('')
#5 /Users/dimastativka/Documents/domains/pandora/wp-includes/class-wp-hook.php(332): WP_Hook->apply_filters(NULL, Array)
#6 /Users/dimastativka/Documents/domains/pandora/wp-includes/plugin.php(517): WP_Hook->do_action(Array)
#7 /Users/dimastativka/Documen in /Users/dimastativka/Documents/domains/pandora/wp-includes/class-wp-theme-json-data.php on line 44
[03-Mar-2023 13:09:12 UTC] PHP Fatal error:  Uncaught Error: Class 'WP_Theme_JSON' not found in /Users/dimastativka/Documents/domains/pandora/wp-includes/class-wp-theme-json-data.php:44
Stack trace:
#0 /Users/dimastativka/Documents/domains/pandora/wp-includes/class-wp-theme-json-resolver.php(183): WP_Theme_JSON_Data->__construct(Array, 'default')
#1 /Users/dimastativka/Documents/domains/pandora/wp-includes/class-wp-theme-json-resolver.php(559): WP_Theme_JSON_Resolver::get_core_data()
#2 /Users/dimastativka/Documents/domains/pandora/wp-includes/script-loader.php(3205): WP_Theme_JSON_Resolver::get_merged_data()
#3 /Users/dimastativka/Documents/domains/pandora/wp-includes/script-loader.php(3401): {closure}()
#4 /Users/dimastativka/Documents/domains/pandora/wp-includes/class-wp-hook.php(308): {closure}('')
#5 /Users/dimastativka/Documents/domains/pandora/wp-includes/class-wp-hook.php(332): WP_Hook->apply_filters(NULL, Array)
#6 /Users/dimastativka/Documents/domains/pandora/wp-includes/plugin.php(517): WP_Hook->do_action(Array)
#7 /Users/dimastativka/Documen in /Users/dimastativka/Documents/domains/pandora/wp-includes/class-wp-theme-json-data.php on line 44
[03-Mar-2023 19:48:00 UTC] PHP Warning:  mysqli_real_connect(): (HY000/2002): No such file or directory in /Users/dimastativka/Documents/domains/pandora/wp-includes/class-wpdb.php on line 1775
[03-Mar-2023 19:50:01 UTC] PHP Warning:  mysqli_real_connect(): (HY000/2002): No such file or directory in /Users/dimastativka/Documents/domains/pandora/wp-includes/class-wpdb.php on line 1775
[03-Mar-2023 19:52:02 UTC] PHP Warning:  mysqli_real_connect(): (HY000/2002): No such file or directory in /Users/dimastativka/Documents/domains/pandora/wp-includes/class-wpdb.php on line 1775
[03-Mar-2023 19:54:03 UTC] PHP Warning:  mysqli_real_connect(): (HY000/2002): No such file or directory in /Users/dimastativka/Documents/domains/pandora/wp-includes/class-wpdb.php on line 1775
[03-Mar-2023 19:56:04 UTC] PHP Warning:  mysqli_real_connect(): (HY000/2002): No such file or directory in /Users/dimastativka/Documents/domains/pandora/wp-includes/class-wpdb.php on line 1775
[03-Mar-2023 19:58:05 UTC] PHP Warning:  mysqli_real_connect(): (HY000/2002): No such file or directory in /Users/dimastativka/Documents/domains/pandora/wp-includes/class-wpdb.php on line 1775
[03-Mar-2023 20:00:06 UTC] PHP Warning:  mysqli_real_connect(): (HY000/2002): No such file or directory in /Users/dimastativka/Documents/domains/pandora/wp-includes/class-wpdb.php on line 1775
[03-Mar-2023 20:02:07 UTC] PHP Warning:  mysqli_real_connect(): (HY000/2002): No such file or directory in /Users/dimastativka/Documents/domains/pandora/wp-includes/class-wpdb.php on line 1775
[03-Mar-2023 20:04:08 UTC] PHP Warning:  mysqli_real_connect(): (HY000/2002): No such file or directory in /Users/dimastativka/Documents/domains/pandora/wp-includes/class-wpdb.php on line 1775
[03-Mar-2023 20:06:09 UTC] PHP Warning:  mysqli_real_connect(): (HY000/2002): No such file or directory in /Users/dimastativka/Documents/domains/pandora/wp-includes/class-wpdb.php on line 1775
[03-Mar-2023 20:08:10 UTC] PHP Warning:  mysqli_real_connect(): (HY000/2002): No such file or directory in /Users/dimastativka/Documents/domains/pandora/wp-includes/class-wpdb.php on line 1775
[03-Mar-2023 20:10:11 UTC] PHP Warning:  mysqli_real_connect(): (HY000/2002): No such file or directory in /Users/dimastativka/Documents/domains/pandora/wp-includes/class-wpdb.php on line 1775
[03-Mar-2023 20:12:12 UTC] PHP Warning:  mysqli_real_connect(): (HY000/2002): No such file or directory in /Users/dimastativka/Documents/domains/pandora/wp-includes/class-wpdb.php on line 1775
[03-Mar-2023 20:14:13 UTC] PHP Warning:  mysqli_real_connect(): (HY000/2002): No such file or directory in /Users/dimastativka/Documents/domains/pandora/wp-includes/class-wpdb.php on line 1775
[03-Mar-2023 20:16:14 UTC] PHP Warning:  mysqli_real_connect(): (HY000/2002): No such file or directory in /Users/dimastativka/Documents/domains/pandora/wp-includes/class-wpdb.php on line 1775
[03-Mar-2023 20:18:15 UTC] PHP Warning:  mysqli_real_connect(): (HY000/2002): No such file or directory in /Users/dimastativka/Documents/domains/pandora/wp-includes/class-wpdb.php on line 1775
[03-Mar-2023 20:20:16 UTC] PHP Warning:  mysqli_real_connect(): (HY000/2002): No such file or directory in /Users/dimastativka/Documents/domains/pandora/wp-includes/class-wpdb.php on line 1775
[03-Mar-2023 20:22:17 UTC] PHP Warning:  mysqli_real_connect(): (HY000/2002): No such file or directory in /Users/dimastativka/Documents/domains/pandora/wp-includes/class-wpdb.php on line 1775
[03-Mar-2023 20:24:18 UTC] PHP Warning:  mysqli_real_connect(): (HY000/2002): No such file or directory in /Users/dimastativka/Documents/domains/pandora/wp-includes/class-wpdb.php on line 1775
[03-Mar-2023 20:26:19 UTC] PHP Warning:  mysqli_real_connect(): (HY000/2002): No such file or directory in /Users/dimastativka/Documents/domains/pandora/wp-includes/class-wpdb.php on line 1775
[03-Mar-2023 20:28:20 UTC] PHP Warning:  mysqli_real_connect(): (HY000/2002): No such file or directory in /Users/dimastativka/Documents/domains/pandora/wp-includes/class-wpdb.php on line 1775
[03-Mar-2023 20:30:21 UTC] PHP Warning:  mysqli_real_connect(): (HY000/2002): No such file or directory in /Users/dimastativka/Documents/domains/pandora/wp-includes/class-wpdb.php on line 1775
[03-Mar-2023 20:32:22 UTC] PHP Warning:  mysqli_real_connect(): (HY000/2002): No such file or directory in /Users/dimastativka/Documents/domains/pandora/wp-includes/class-wpdb.php on line 1775
[03-Mar-2023 20:34:23 UTC] PHP Warning:  mysqli_real_connect(): (HY000/2002): No such file or directory in /Users/dimastativka/Documents/domains/pandora/wp-includes/class-wpdb.php on line 1775
[03-Mar-2023 20:36:24 UTC] PHP Warning:  mysqli_real_connect(): (HY000/2002): No such file or directory in /Users/dimastativka/Documents/domains/pandora/wp-includes/class-wpdb.php on line 1775
[03-Mar-2023 20:38:25 UTC] PHP Warning:  mysqli_real_connect(): (HY000/2002): No such file or directory in /Users/dimastativka/Documents/domains/pandora/wp-includes/class-wpdb.php on line 1775
[03-Mar-2023 20:40:26 UTC] PHP Warning:  mysqli_real_connect(): (HY000/2002): No such file or directory in /Users/dimastativka/Documents/domains/pandora/wp-includes/class-wpdb.php on line 1775
[03-Mar-2023 20:42:27 UTC] PHP Warning:  mysqli_real_connect(): (HY000/2002): No such file or directory in /Users/dimastativka/Documents/domains/pandora/wp-includes/class-wpdb.php on line 1775
[03-Mar-2023 20:44:28 UTC] PHP Warning:  mysqli_real_connect(): (HY000/2002): No such file or directory in /Users/dimastativka/Documents/domains/pandora/wp-includes/class-wpdb.php on line 1775
[03-Mar-2023 20:46:29 UTC] PHP Warning:  mysqli_real_connect(): (HY000/2002): No such file or directory in /Users/dimastativka/Documents/domains/pandora/wp-includes/class-wpdb.php on line 1775
[03-Mar-2023 20:48:30 UTC] PHP Warning:  mysqli_real_connect(): (HY000/2002): No such file or directory in /Users/dimastativka/Documents/domains/pandora/wp-includes/class-wpdb.php on line 1775
[03-Mar-2023 20:50:31 UTC] PHP Warning:  mysqli_real_connect(): (HY000/2002): No such file or directory in /Users/dimastativka/Documents/domains/pandora/wp-includes/class-wpdb.php on line 1775
[03-Mar-2023 20:52:32 UTC] PHP Warning:  mysqli_real_connect(): (HY000/2002): No such file or directory in /Users/dimastativka/Documents/domains/pandora/wp-includes/class-wpdb.php on line 1775
[03-Mar-2023 20:54:33 UTC] PHP Warning:  mysqli_real_connect(): (HY000/2002): No such file or directory in /Users/dimastativka/Documents/domains/pandora/wp-includes/class-wpdb.php on line 1775
[03-Mar-2023 20:56:34 UTC] PHP Warning:  mysqli_real_connect(): (HY000/2002): No such file or directory in /Users/dimastativka/Documents/domains/pandora/wp-includes/class-wpdb.php on line 1775
[03-Mar-2023 20:58:35 UTC] PHP Warning:  mysqli_real_connect(): (HY000/2002): No such file or directory in /Users/dimastativka/Documents/domains/pandora/wp-includes/class-wpdb.php on line 1775
[03-Mar-2023 21:00:36 UTC] PHP Warning:  mysqli_real_connect(): (HY000/2002): No such file or directory in /Users/dimastativka/Documents/domains/pandora/wp-includes/class-wpdb.php on line 1775
[03-Mar-2023 21:02:37 UTC] PHP Warning:  mysqli_real_connect(): (HY000/2002): No such file or directory in /Users/dimastativka/Documents/domains/pandora/wp-includes/class-wpdb.php on line 1775
[03-Mar-2023 21:04:38 UTC] PHP Warning:  mysqli_real_connect(): (HY000/2002): No such file or directory in /Users/dimastativka/Documents/domains/pandora/wp-includes/class-wpdb.php on line 1775
[03-Mar-2023 21:06:39 UTC] PHP Warning:  mysqli_real_connect(): (HY000/2002): No such file or directory in /Users/dimastativka/Documents/domains/pandora/wp-includes/class-wpdb.php on line 1775
[03-Mar-2023 21:08:40 UTC] PHP Warning:  mysqli_real_connect(): (HY000/2002): No such file or directory in /Users/dimastativka/Documents/domains/pandora/wp-includes/class-wpdb.php on line 1775
[03-Mar-2023 21:10:41 UTC] PHP Warning:  mysqli_real_connect(): (HY000/2002): No such file or directory in /Users/dimastativka/Documents/domains/pandora/wp-includes/class-wpdb.php on line 1775
[03-Mar-2023 21:12:42 UTC] PHP Warning:  mysqli_real_connect(): (HY000/2002): No such file or directory in /Users/dimastativka/Documents/domains/pandora/wp-includes/class-wpdb.php on line 1775
[03-Mar-2023 21:14:43 UTC] PHP Warning:  mysqli_real_connect(): (HY000/2002): No such file or directory in /Users/dimastativka/Documents/domains/pandora/wp-includes/class-wpdb.php on line 1775
[03-Mar-2023 21:16:44 UTC] PHP Warning:  mysqli_real_connect(): (HY000/2002): No such file or directory in /Users/dimastativka/Documents/domains/pandora/wp-includes/class-wpdb.php on line 1775
[03-Mar-2023 21:18:45 UTC] PHP Warning:  mysqli_real_connect(): (HY000/2002): No such file or directory in /Users/dimastativka/Documents/domains/pandora/wp-includes/class-wpdb.php on line 1775
[04-Mar-2023 19:33:01 UTC] PHP Warning:  An unexpected error occurred. Something may be wrong with WordPress.org or this server&#8217;s configuration. If you continue to have problems, please try the <a href="https://wordpress.org/support/forums/">support forums</a>. (WordPress could not establish a secure connection to WordPress.org. Please contact your server administrator.) in /Users/dimastativka/Documents/domains/pandora/wp-includes/update.php on line 209
[04-Mar-2023 19:33:02 UTC] PHP Warning:  An unexpected error occurred. Something may be wrong with WordPress.org or this server&#8217;s configuration. If you continue to have problems, please try the <a href="https://wordpress.org/support/forums/">support forums</a>. (WordPress could not establish a secure connection to WordPress.org. Please contact your server administrator.) in /Users/dimastativka/Documents/domains/pandora/wp-includes/update.php on line 447
[04-Mar-2023 19:33:04 UTC] PHP Warning:  An unexpected error occurred. Something may be wrong with WordPress.org or this server&#8217;s configuration. If you continue to have problems, please try the <a href="https://wordpress.org/support/forums/">support forums</a>. (WordPress could not establish a secure connection to WordPress.org. Please contact your server administrator.) in /Users/dimastativka/Documents/domains/pandora/wp-includes/update.php on line 728
[10-Mar-2023 19:07:06 UTC] PHP Notice:  Array to string conversion in /Users/dimastativka/Documents/domains/pandora/wp-content/plugins/advanced-custom-fields-pro/includes/api/api-template.php on line 759
[10-Mar-2023 19:07:06 UTC] PHP Notice:  Array to string conversion in /Users/dimastativka/Documents/domains/pandora/wp-content/plugins/advanced-custom-fields-pro/includes/api/api-template.php on line 759
[10-Mar-2023 19:07:36 UTC] PHP Notice:  Array to string conversion in /Users/dimastativka/Documents/domains/pandora/wp-content/plugins/advanced-custom-fields-pro/includes/api/api-template.php on line 759
[10-Mar-2023 19:07:36 UTC] PHP Notice:  Array to string conversion in /Users/dimastativka/Documents/domains/pandora/wp-content/plugins/advanced-custom-fields-pro/includes/api/api-template.php on line 759
[15-Mar-2023 13:16:31 UTC] PHP Warning:  mysqli_real_connect(): (HY000/2002): No such file or directory in /Users/dimastativka/Documents/domains/pandorah/wp-includes/class-wpdb.php on line 1775
[15-Mar-2023 13:18:44 UTC] PHP Warning:  mysqli_real_connect(): (HY000/2002): No such file or directory in /Users/dimastativka/Documents/domains/pandorah/wp-includes/class-wpdb.php on line 1775
[15-Mar-2023 13:20:49 UTC] PHP Warning:  mysqli_real_connect(): (HY000/2002): No such file or directory in /Users/dimastativka/Documents/domains/pandorah/wp-includes/class-wpdb.php on line 1775
[15-Mar-2023 13:22:49 UTC] PHP Warning:  mysqli_real_connect(): (HY000/2002): No such file or directory in /Users/dimastativka/Documents/domains/pandorah/wp-includes/class-wpdb.php on line 1775
[15-Mar-2023 13:24:51 UTC] PHP Warning:  mysqli_real_connect(): (HY000/2002): No such file or directory in /Users/dimastativka/Documents/domains/pandorah/wp-includes/class-wpdb.php on line 1775
[15-Mar-2023 13:26:53 UTC] PHP Warning:  mysqli_real_connect(): (HY000/2002): No such file or directory in /Users/dimastativka/Documents/domains/pandorah/wp-includes/class-wpdb.php on line 1775
[15-Mar-2023 13:28:55 UTC] PHP Warning:  mysqli_real_connect(): (HY000/2002): No such file or directory in /Users/dimastativka/Documents/domains/pandorah/wp-includes/class-wpdb.php on line 1775
[15-Mar-2023 13:30:58 UTC] PHP Warning:  mysqli_real_connect(): (HY000/2002): No such file or directory in /Users/dimastativka/Documents/domains/pandorah/wp-includes/class-wpdb.php on line 1775
[15-Mar-2023 13:33:14 UTC] PHP Warning:  mysqli_real_connect(): (HY000/2002): No such file or directory in /Users/dimastativka/Documents/domains/pandorah/wp-includes/class-wpdb.php on line 1775
[15-Mar-2023 13:35:31 UTC] PHP Warning:  mysqli_real_connect(): (HY000/2002): No such file or directory in /Users/dimastativka/Documents/domains/pandorah/wp-includes/class-wpdb.php on line 1775
[15-Mar-2023 13:37:45 UTC] PHP Warning:  mysqli_real_connect(): (HY000/2002): No such file or directory in /Users/dimastativka/Documents/domains/pandorah/wp-includes/class-wpdb.php on line 1775
[15-Mar-2023 13:39:49 UTC] PHP Warning:  mysqli_real_connect(): (HY000/2002): No such file or directory in /Users/dimastativka/Documents/domains/pandorah/wp-includes/class-wpdb.php on line 1775
[15-Mar-2023 13:41:58 UTC] PHP Warning:  mysqli_real_connect(): (HY000/2002): No such file or directory in /Users/dimastativka/Documents/domains/pandorah/wp-includes/class-wpdb.php on line 1775
[15-Mar-2023 13:44:04 UTC] PHP Warning:  mysqli_real_connect(): (HY000/2002): No such file or directory in /Users/dimastativka/Documents/domains/pandorah/wp-includes/class-wpdb.php on line 1775
[15-Mar-2023 13:46:11 UTC] PHP Warning:  mysqli_real_connect(): (HY000/2002): No such file or directory in /Users/dimastativka/Documents/domains/pandorah/wp-includes/class-wpdb.php on line 1775
[15-Mar-2023 13:48:11 UTC] PHP Warning:  mysqli_real_connect(): (HY000/2002): No such file or directory in /Users/dimastativka/Documents/domains/pandorah/wp-includes/class-wpdb.php on line 1775
[15-Mar-2023 13:50:16 UTC] PHP Warning:  mysqli_real_connect(): (HY000/2002): No such file or directory in /Users/dimastativka/Documents/domains/pandorah/wp-includes/class-wpdb.php on line 1775
[15-Mar-2023 13:52:37 UTC] PHP Warning:  mysqli_real_connect(): (HY000/2002): No such file or directory in /Users/dimastativka/Documents/domains/pandorah/wp-includes/class-wpdb.php on line 1775
[15-Mar-2023 13:54:46 UTC] PHP Warning:  mysqli_real_connect(): (HY000/2002): No such file or directory in /Users/dimastativka/Documents/domains/pandorah/wp-includes/class-wpdb.php on line 1775
[15-Mar-2023 13:56:54 UTC] PHP Warning:  mysqli_real_connect(): (HY000/2002): No such file or directory in /Users/dimastativka/Documents/domains/pandorah/wp-includes/class-wpdb.php on line 1775
[15-Mar-2023 13:59:07 UTC] PHP Warning:  mysqli_real_connect(): (HY000/2002): No such file or directory in /Users/dimastativka/Documents/domains/pandorah/wp-includes/class-wpdb.php on line 1775
[15-Mar-2023 14:01:20 UTC] PHP Warning:  mysqli_real_connect(): (HY000/2002): No such file or directory in /Users/dimastativka/Documents/domains/pandorah/wp-includes/class-wpdb.php on line 1775
[15-Mar-2023 14:03:36 UTC] PHP Warning:  mysqli_real_connect(): (HY000/2002): No such file or directory in /Users/dimastativka/Documents/domains/pandorah/wp-includes/class-wpdb.php on line 1775
[15-Mar-2023 14:05:44 UTC] PHP Warning:  mysqli_real_connect(): (HY000/2002): No such file or directory in /Users/dimastativka/Documents/domains/pandorah/wp-includes/class-wpdb.php on line 1775
[15-Mar-2023 14:07:52 UTC] PHP Warning:  mysqli_real_connect(): (HY000/2002): No such file or directory in /Users/dimastativka/Documents/domains/pandorah/wp-includes/class-wpdb.php on line 1775
[15-Mar-2023 14:09:54 UTC] PHP Warning:  mysqli_real_connect(): (HY000/2002): No such file or directory in /Users/dimastativka/Documents/domains/pandorah/wp-includes/class-wpdb.php on line 1775
[15-Mar-2023 14:12:06 UTC] PHP Warning:  mysqli_real_connect(): (HY000/2002): No such file or directory in /Users/dimastativka/Documents/domains/pandorah/wp-includes/class-wpdb.php on line 1775
[15-Mar-2023 14:14:17 UTC] PHP Warning:  mysqli_real_connect(): (HY000/2002): No such file or directory in /Users/dimastativka/Documents/domains/pandorah/wp-includes/class-wpdb.php on line 1775
[15-Mar-2023 14:16:20 UTC] PHP Warning:  mysqli_real_connect(): (HY000/2002): No such file or directory in /Users/dimastativka/Documents/domains/pandorah/wp-includes/class-wpdb.php on line 1775
[15-Mar-2023 14:18:43 UTC] PHP Warning:  mysqli_real_connect(): (HY000/2002): No such file or directory in /Users/dimastativka/Documents/domains/pandorah/wp-includes/class-wpdb.php on line 1775
[15-Mar-2023 14:20:47 UTC] PHP Warning:  mysqli_real_connect(): (HY000/2002): No such file or directory in /Users/dimastativka/Documents/domains/pandorah/wp-includes/class-wpdb.php on line 1775
[15-Mar-2023 14:22:51 UTC] PHP Warning:  mysqli_real_connect(): (HY000/2002): No such file or directory in /Users/dimastativka/Documents/domains/pandorah/wp-includes/class-wpdb.php on line 1775
[15-Mar-2023 14:25:00 UTC] PHP Warning:  mysqli_real_connect(): (HY000/2002): No such file or directory in /Users/dimastativka/Documents/domains/pandorah/wp-includes/class-wpdb.php on line 1775
[15-Mar-2023 14:27:14 UTC] PHP Warning:  mysqli_real_connect(): (HY000/2002): No such file or directory in /Users/dimastativka/Documents/domains/pandorah/wp-includes/class-wpdb.php on line 1775
[15-Mar-2023 14:29:23 UTC] PHP Warning:  mysqli_real_connect(): (HY000/2002): No such file or directory in /Users/dimastativka/Documents/domains/pandorah/wp-includes/class-wpdb.php on line 1775
[15-Mar-2023 14:29:51 UTC] PHP Warning:  mysqli_real_connect(): (HY000/2002): No such file or directory in /Users/dimastativka/Documents/domains/pandorah/wp-includes/class-wpdb.php on line 1775
